INFO:     Will watch for changes in these directories: ['/home/stocksadmin/Quantagro/tradingview-viz/backend']
INFO:     Uvicorn running on http://0.0.0.0:8009 (Press CTRL+C to quit)
INFO:     Started reloader process [2941530] using WatchFiles
Process SpawnProcess-1:
Traceback (most recent call last):
  File "/usr/lib/python3.12/multiprocessing/process.py", line 314, in _bootstrap
    self.run()
  File "/usr/lib/python3.12/multiprocessing/process.py", line 108, in run
    self._target(*self._args, **self._kwargs)
  File "/home/stocksadmin/Quantagro/tradingview-viz/.venv/lib/python3.12/site-packages/uvicorn/_subprocess.py", line 78, in subprocess_started
    target(sockets=sockets)
  File "/home/stocksadmin/Quantagro/tradingview-viz/.venv/lib/python3.12/site-packages/uvicorn/server.py", line 65, in run
    return asyncio.run(self.serve(sockets=sockets))
           ^^^^^^^^^^^^^^^^^^^^^^^^^^^^^^^^^^^^^^^^
  File "/usr/lib/python3.12/asyncio/runners.py", line 194, in run
    return runner.run(main)
           ^^^^^^^^^^^^^^^^
  File "/usr/lib/python3.12/asyncio/runners.py", line 118, in run
    return self._loop.run_until_complete(task)
           ^^^^^^^^^^^^^^^^^^^^^^^^^^^^^^^^^^^
  File "uvloop/loop.pyx", line 1518, in uvloop.loop.Loop.run_until_complete
  File "/home/stocksadmin/Quantagro/tradingview-viz/.venv/lib/python3.12/site-packages/uvicorn/server.py", line 69, in serve
    await self._serve(sockets)
  File "/home/stocksadmin/Quantagro/tradingview-viz/.venv/lib/python3.12/site-packages/uvicorn/server.py", line 76, in _serve
    config.load()
  File "/home/stocksadmin/Quantagro/tradingview-viz/.venv/lib/python3.12/site-packages/uvicorn/config.py", line 433, in load
    self.loaded_app = import_from_string(self.app)
                      ^^^^^^^^^^^^^^^^^^^^^^^^^^^^
  File "/home/stocksadmin/Quantagro/tradingview-viz/.venv/lib/python3.12/site-packages/uvicorn/importer.py", line 22, in import_from_string
    raise exc from None
  File "/home/stocksadmin/Quantagro/tradingview-viz/.venv/lib/python3.12/site-packages/uvicorn/importer.py", line 19, in import_from_string
    module = importlib.import_module(module_str)
             ^^^^^^^^^^^^^^^^^^^^^^^^^^^^^^^^^^^
  File "/usr/lib/python3.12/importlib/__init__.py", line 90, in import_module
    return _bootstrap._gcd_import(name[level:], package, level)
           ^^^^^^^^^^^^^^^^^^^^^^^^^^^^^^^^^^^^^^^^^^^^^^^^^^^^
  File "<frozen importlib._bootstrap>", line 1387, in _gcd_import
  File "<frozen importlib._bootstrap>", line 1360, in _find_and_load
  File "<frozen importlib._bootstrap>", line 1331, in _find_and_load_unlocked
  File "<frozen importlib._bootstrap>", line 935, in _load_unlocked
  File "<frozen importlib._bootstrap_external>", line 995, in exec_module
  File "<frozen importlib._bootstrap>", line 488, in _call_with_frames_removed
  File "/home/stocksadmin/Quantagro/tradingview-viz/backend/app/main.py", line 17, in <module>
    from .udf_handlers import UDFHandler
  File "/home/stocksadmin/Quantagro/tradingview-viz/backend/app/udf_handlers.py", line 12, in <module>
    from .monitoring import timed_operation, track_request_metrics
  File "/home/stocksadmin/Quantagro/tradingview-viz/backend/app/monitoring.py", line 144, in <module>
    import psutil
ModuleNotFoundError: No module named 'psutil'
INFO:     Stopping reloader process [2941530]
